<?xml version="1.0" encoding="UTF-8"?>
<!-- Generated by org.testng.reporters.JUnitReportReporter -->
<testsuite skipped="0" hostname="C40GF56BMS" name="com.revflow.testcase.TestCase001" tests="2" failures="0" timestamp="24 Aug 2018 07:06:04 GMT" time="1.691" errors="0">
  <testcase name="LoginTest" time="0.570" classname="com.revflow.testcase.TestCase001"/>
  <testcase name="LogOutTest" time="1.121" classname="com.revflow.testcase.TestCase001"/>
</testsuite> <!-- com.revflow.testcase.TestCase001 -->
